f:\windows\cally\debug\cal3d_cally.ilk
f:\windows\cally\debug\cal3d_cally.exe
f:\windows\cally\debug\cal3d_cally.exe.intermediate.manifest
f:\windows\cally\debug\cal3d_cally.pdb
f:\windows\cally\debug\cal3d_cally.exe.embed.manifest
f:\windows\cally\debug\demo.obj
f:\windows\cally\debug\main.obj
f:\windows\cally\debug\menu.obj
f:\windows\cally\debug\model.obj
f:\windows\cally\debug\tga.obj
f:\windows\cally\debug\tick.obj
f:\windows\cally\debug\vc100.pdb
f:\windows\cally\debug\cal3d_cally.exe.embed.manifest.res
f:\windows\cally\debug\vc120.pdb
f:\windows\cally\debug\vc120.idb
f:\windows\cally\debug\link.4080.read.1.tlog
f:\windows\cally\debug\link.4080.write.1.tlog
f:\windows\cally\debug\rc.command.1.tlog
f:\windows\cally\debug\link-cvtres.read.1.tlog
f:\windows\cally\debug\link-cvtres.write.1.tlog
f:\windows\cally\debug\link.read.1.tlog
f:\windows\cally\debug\link.write.1.tlog
f:\windows\cally\debug\link.command.1.tlog
f:\windows\cally\debug\mt.read.1.tlog
f:\windows\cally\debug\mt.write.1.tlog
f:\windows\cally\debug\mt.command.1.tlog
f:\windows\cally\debug\link.4080-cvtres.read.1.tlog
f:\windows\cally\debug\link.4080-cvtres.write.1.tlog
f:\windows\cally\debug\cl.read.1.tlog
f:\windows\cally\debug\cl.write.1.tlog
f:\windows\cally\debug\cl.command.1.tlog
f:\windows\cally\debug\rc.read.1.tlog
f:\windows\cally\debug\rc.write.1.tlog
f:\windows\cally\debug\vc100.idb
f:\windows\cally\debug\cal3d_cally_manifest.rc
f:\windows\cally\.\debug\cal3d_cally.exe.intermediate.manifest
f:\windows\cally\debug\cal3d_cally.tlog\cl.read.1.tlog
f:\windows\cally\debug\cal3d_cally.tlog\cl.write.1.tlog
f:\windows\cally\debug\cal3d_cally.tlog\cl.command.1.tlog
f:\windows\cally\debug\cal3d_cally.tlog\link-rc.read.1.tlog
f:\windows\cally\debug\cal3d_cally.tlog\link-rc.write.1.tlog
f:\windows\cally\debug\cal3d_cally.tlog\link-cvtres.read.1.tlog
f:\windows\cally\debug\cal3d_cally.tlog\link-cvtres.write.1.tlog
f:\windows\cally\debug\cal3d_cally.tlog\link.read.1.tlog
f:\windows\cally\debug\cal3d_cally.tlog\link.write.1.tlog
f:\windows\cally\debug\cal3d_cally.tlog\link.command.1.tlog
